2020-12-12 14:30:33 [scrapy.utils.log] INFO: Scrapy 2.3.0 started (bot: restaurant_menu_crawler)
2020-12-12 14:30:33 [scrapy.utils.log] INFO: Versions: lxml 4.6.2.0, libxml2 2.9.10, cssselect 1.1.0, parsel 1.6.0, w3lib 1.22.0, Twisted 20.3.0, Python 3.5.6 |Anaconda, Inc.| (default, Aug 26 2018, 16:30:03) - [GCC 4.2.1 Compatible Clang 4.0.1 (tags/RELEASE_401/final)], pyOpenSSL 18.0.0 (OpenSSL 1.0.2u  20 Dec 2019), cryptography 2.3.1, Platform Darwin-19.6.0-x86_64-i386-64bit
2020-12-12 14:30:33 [scrapy.utils.log] DEBUG: Using reactor: twisted.internet.selectreactor.SelectReactor
2020-12-12 14:30:33 [scrapy.crawler] INFO: Overridden settings:
{'BOT_NAME': 'restaurant_menu_crawler',
 'LOG_FILE': './menucrawler/log/menucrawler.log',
 'NEWSPIDER_MODULE': 'menucrawler.spiders',
 'ROBOTSTXT_OBEY': True,
 'SPIDER_MODULES': ['menucrawler.spiders']}
2020-12-12 14:30:33 [scrapy.extensions.telnet] INFO: Telnet Password: a0357ef803891833
2020-12-12 14:30:33 [scrapy.middleware] INFO: Enabled extensions:
['scrapy.extensions.memusage.MemoryUsage',
 'scrapy.extensions.corestats.CoreStats',
 'scrapy.extensions.telnet.TelnetConsole',
 'scrapy.extensions.logstats.LogStats']
2020-12-12 14:30:33 [scrapy.middleware] INFO: Enabled downloader middlewares:
['scrapy.downloadermiddlewares.robotstxt.RobotsTxtMiddleware',
 'scrapy.downloadermiddlewares.httpauth.HttpAuthMiddleware',
 'scrapy.downloadermiddlewares.downloadtimeout.DownloadTimeoutMiddleware',
 'scrapy.downloadermiddlewares.defaultheaders.DefaultHeadersMiddleware',
 'scrapy.downloadermiddlewares.useragent.UserAgentMiddleware',
 'scrapy.downloadermiddlewares.retry.RetryMiddleware',
 'scrapy.downloadermiddlewares.redirect.MetaRefreshMiddleware',
 'scrapy.downloadermiddlewares.httpcompression.HttpCompressionMiddleware',
 'scrapy.downloadermiddlewares.redirect.RedirectMiddleware',
 'scrapy.downloadermiddlewares.cookies.CookiesMiddleware',
 'scrapy.downloadermiddlewares.httpproxy.HttpProxyMiddleware',
 'scrapy.downloadermiddlewares.stats.DownloaderStats']
2020-12-12 14:30:33 [scrapy.middleware] INFO: Enabled spider middlewares:
['scrapy.spidermiddlewares.httperror.HttpErrorMiddleware',
 'scrapy.spidermiddlewares.offsite.OffsiteMiddleware',
 'scrapy.spidermiddlewares.referer.RefererMiddleware',
 'scrapy.spidermiddlewares.urllength.UrlLengthMiddleware',
 'scrapy.spidermiddlewares.depth.DepthMiddleware']
2020-12-12 14:30:33 [scrapy.middleware] INFO: Enabled item pipelines:
['menucrawler.pipelines.DuplicateLinkRemover',
 'menucrawler.pipelines.PageDataOutput']
2020-12-12 14:30:33 [scrapy.core.engine] INFO: Spider opened
2020-12-12 14:30:33 [scrapy.extensions.logstats] INFO: Crawled 0 pages (at 0 pages/min), scraped 0 items (at 0 items/min)
2020-12-12 14:30:33 [scrapy.extensions.telnet] INFO: Telnet console listening on 127.0.0.1:6023
2020-12-12 14:30:34 [scrapy.core.engine] DEBUG: Crawled (200) <GET https://papillonrestaurant.com/robots.txt> (referer: None)
2020-12-12 14:30:34 [scrapy.core.engine] DEBUG: Crawled (200) <GET https://papillonrestaurant.com> (referer: None)
2020-12-12 14:30:34 [scrapy.dupefilters] DEBUG: Filtered duplicate request: <GET https://papillonrestaurant.com#a-fremont-icon> - no more duplicates will be shown (see DUPEFILTER_DEBUG to show all duplicates)
2020-12-12 14:30:34 [scrapy.core.engine] DEBUG: Crawled (200) <GET https://papillonrestaurant.com/> (referer: https://papillonrestaurant.com)
2020-12-12 14:30:34 [scrapy.core.engine] DEBUG: Crawled (200) <GET https://papillonrestaurant.com/restaurant-photos> (referer: https://papillonrestaurant.com)
2020-12-12 14:30:34 [restaurant_menu_crawler] INFO: Downloaded Page https://papillonrestaurant.com/
2020-12-12 14:30:34 [restaurant_menu_crawler] INFO: Score for URl https://papillonrestaurant.com/ is     0.00
2020-12-12 14:30:34 [scrapy.core.scraper] DEBUG: Scraped from <200 https://papillonrestaurant.com/>
None
2020-12-12 14:30:35 [scrapy.core.engine] DEBUG: Crawled (200) <GET https://www.doordash.com/robots.txt> (referer: None)
2020-12-12 14:30:35 [scrapy.core.engine] DEBUG: Crawled (200) <GET https://www.facebook.com/robots.txt> (referer: None)
2020-12-12 14:30:35 [scrapy.downloadermiddlewares.robotstxt] DEBUG: Forbidden by robots.txt: <GET https://www.facebook.com/papillon1978/>
2020-12-12 14:30:35 [scrapy.core.engine] DEBUG: Crawled (200) <GET https://www.grubhub.com/robots.txt> (referer: None)
2020-12-12 14:30:35 [scrapy.core.engine] DEBUG: Crawled (200) <GET https://www.instagram.com/robots.txt> (referer: None)
2020-12-12 14:30:35 [scrapy.downloadermiddlewares.robotstxt] DEBUG: Forbidden by robots.txt: <GET https://www.instagram.com/papillonfremont/>
2020-12-12 14:30:35 [restaurant_menu_crawler] INFO: This URL https://papillonrestaurant.com/ doesn't contian Menu related information
2020-12-12 14:30:35 [scrapy.core.engine] DEBUG: Crawled (200) <GET https://www.yelp.com/robots.txt> (referer: None)
2020-12-12 14:30:35 [scrapy.downloadermiddlewares.robotstxt] DEBUG: Forbidden by robots.txt: <GET https://www.yelp.com/biz/papillon-fremont?osq=papillon>
2020-12-12 14:30:35 [restaurant_menu_crawler] INFO: Downloaded Page https://papillonrestaurant.com/restaurant-photos
2020-12-12 14:30:35 [restaurant_menu_crawler] INFO: Score for URl https://papillonrestaurant.com/restaurant-photos is     0.00
2020-12-12 14:30:35 [scrapy.core.scraper] DEBUG: Scraped from <200 https://papillonrestaurant.com/restaurant-photos>
None
2020-12-12 14:30:35 [scrapy.core.engine] DEBUG: Crawled (200) <GET https://www.doordash.com/store/papillon-restaurant-fremont-891231/en-US> (referer: https://papillonrestaurant.com)
2020-12-12 14:30:35 [scrapy.core.engine] DEBUG: Crawled (200) <GET https://www.grubhub.com/restaurant/papillon-restaurant-37296-mission-blvd-fremont/2041354> (referer: https://papillonrestaurant.com)
2020-12-12 14:30:35 [scrapy.core.engine] DEBUG: Crawled (200) <GET https://papillonrestaurant.com/menu-gallery> (referer: https://papillonrestaurant.com)
2020-12-12 14:30:35 [restaurant_menu_crawler] INFO: This URL https://papillonrestaurant.com/restaurant-photos doesn't contian Menu related information
2020-12-12 14:30:35 [scrapy.downloadermiddlewares.robotstxt] DEBUG: Forbidden by robots.txt: <GET https://papillonrestaurant.com/search>
2020-12-12 14:30:35 [restaurant_menu_crawler] INFO: Downloaded Page https://www.doordash.com/store/papillon-restaurant-fremont-891231/en-US
2020-12-12 14:30:35 [restaurant_menu_crawler] INFO: Score for URl https://www.doordash.com/store/papillon-restaurant-fremont-891231/en-US is     0.00
2020-12-12 14:30:35 [scrapy.core.scraper] DEBUG: Scraped from <200 https://www.doordash.com/store/papillon-restaurant-fremont-891231/en-US>
None
2020-12-12 14:30:35 [restaurant_menu_crawler] INFO: This URL https://www.doordash.com/store/papillon-restaurant-fremont-891231/en-US doesn't contian Menu related information
2020-12-12 14:30:35 [restaurant_menu_crawler] INFO: Downloaded Page https://www.grubhub.com/restaurant/papillon-restaurant-37296-mission-blvd-fremont/2041354
2020-12-12 14:30:35 [restaurant_menu_crawler] INFO: Score for URl https://www.grubhub.com/restaurant/papillon-restaurant-37296-mission-blvd-fremont/2041354 is     0.00
2020-12-12 14:30:35 [scrapy.core.scraper] DEBUG: Scraped from <200 https://www.grubhub.com/restaurant/papillon-restaurant-37296-mission-blvd-fremont/2041354>
None
2020-12-12 14:30:35 [restaurant_menu_crawler] INFO: This URL https://www.grubhub.com/restaurant/papillon-restaurant-37296-mission-blvd-fremont/2041354 doesn't contian Menu related information
2020-12-12 14:30:35 [scrapy.core.engine] DEBUG: Crawled (200) <GET https://papillonrestaurant.com/takeout-orders> (referer: https://papillonrestaurant.com)
2020-12-12 14:30:35 [restaurant_menu_crawler] INFO: Downloaded Page https://papillonrestaurant.com/menu-gallery
2020-12-12 14:30:35 [restaurant_menu_crawler] INFO: Score for URl https://papillonrestaurant.com/menu-gallery is     0.00
2020-12-12 14:30:35 [scrapy.core.scraper] DEBUG: Scraped from <200 https://papillonrestaurant.com/menu-gallery>
None
2020-12-12 14:30:35 [restaurant_menu_crawler] INFO: This URL https://papillonrestaurant.com/menu-gallery doesn't contian Menu related information
2020-12-12 14:30:35 [scrapy.core.engine] DEBUG: Crawled (200) <GET https://ibrag.net/robots.txt> (referer: None)
2020-12-12 14:30:35 [scrapy.core.engine] DEBUG: Crawled (200) <GET https://papillonrestaurant.com/reservations> (referer: https://papillonrestaurant.com)
2020-12-12 14:30:35 [scrapy.downloadermiddlewares.redirect] DEBUG: Redirecting (302) to <GET https://papillonrestaurant.com/menu-gallery> from <GET https://papillonrestaurant.com/gallery>
2020-12-12 14:30:35 [scrapy.downloadermiddlewares.redirect] DEBUG: Redirecting (302) to <GET https://papillonrestaurant.com/takeout-orders> from <GET https://papillonrestaurant.com/menu>
2020-12-12 14:30:35 [restaurant_menu_crawler] INFO: Downloaded Page https://papillonrestaurant.com/takeout-orders
2020-12-12 14:30:35 [restaurant_menu_crawler] INFO: Score for URl https://papillonrestaurant.com/takeout-orders is     1.00
2020-12-12 14:30:35 [scrapy.core.scraper] DEBUG: Scraped from <200 https://papillonrestaurant.com/takeout-orders>
None
2020-12-12 14:30:35 [scrapy.core.engine] DEBUG: Crawled (200) <GET https://papillonrestaurant.com/home> (referer: https://papillonrestaurant.com)
2020-12-12 14:30:35 [scrapy.core.engine] DEBUG: Crawled (200) <GET https://ibrag.net/> (referer: https://papillonrestaurant.com)
2020-12-12 14:30:35 [scrapy.core.engine] DEBUG: Crawled (200) <GET https://papillonrestaurant.com/contact> (referer: https://papillonrestaurant.com)
2020-12-12 14:30:35 [restaurant_menu_crawler] INFO: Downloaded Page https://papillonrestaurant.com/reservations
2020-12-12 14:30:35 [restaurant_menu_crawler] INFO: Score for URl https://papillonrestaurant.com/reservations is     0.00
2020-12-12 14:30:35 [scrapy.core.scraper] DEBUG: Scraped from <200 https://papillonrestaurant.com/reservations>
None
2020-12-12 14:30:35 [restaurant_menu_crawler] INFO: This URL https://papillonrestaurant.com/reservations doesn't contian Menu related information
2020-12-12 14:30:35 [restaurant_menu_crawler] INFO: Downloaded Page https://papillonrestaurant.com/home
2020-12-12 14:30:35 [restaurant_menu_crawler] INFO: Score for URl https://papillonrestaurant.com/home is     0.00
2020-12-12 14:30:35 [scrapy.core.scraper] DEBUG: Scraped from <200 https://papillonrestaurant.com/home>
None
2020-12-12 14:30:35 [restaurant_menu_crawler] INFO: This URL https://papillonrestaurant.com/home doesn't contian Menu related information
2020-12-12 14:30:35 [restaurant_menu_crawler] INFO: Downloaded Page https://ibrag.net/
2020-12-12 14:30:35 [restaurant_menu_crawler] INFO: Score for URl https://ibrag.net/ is     0.00
2020-12-12 14:30:35 [scrapy.core.scraper] DEBUG: Scraped from <200 https://ibrag.net/>
None
2020-12-12 14:30:35 [scrapy.core.engine] DEBUG: Crawled (200) <GET https://papillonrestaurant.com/wine-cellar> (referer: https://papillonrestaurant.com)
2020-12-12 14:30:36 [scrapy.core.engine] DEBUG: Crawled (200) <GET https://papillonrestaurant.com/about-papillon> (referer: https://papillonrestaurant.com)
2020-12-12 14:30:36 [scrapy.core.engine] DEBUG: Crawled (200) <GET https://papillonrestaurant.com/beer-cocktails-and-spirits> (referer: https://papillonrestaurant.com)
2020-12-12 14:30:36 [scrapy.core.engine] DEBUG: Crawled (200) <GET https://papillonrestaurant.com/non-alcoholic-beverages> (referer: https://papillonrestaurant.com)
2020-12-12 14:30:36 [scrapy.core.engine] DEBUG: Crawled (200) <GET https://papillonrestaurant.com/gift-cards> (referer: https://papillonrestaurant.com)
2020-12-12 14:30:36 [scrapy.core.engine] DEBUG: Crawled (200) <GET https://papillonrestaurant.com/private-events> (referer: https://papillonrestaurant.com)
2020-12-12 14:30:36 [restaurant_menu_crawler] INFO: Downloaded Page https://papillonrestaurant.com/contact
2020-12-12 14:30:36 [restaurant_menu_crawler] INFO: Score for URl https://papillonrestaurant.com/contact is     0.00
2020-12-12 14:30:36 [scrapy.core.scraper] DEBUG: Scraped from <200 https://papillonrestaurant.com/contact>
None
2020-12-12 14:30:36 [restaurant_menu_crawler] INFO: This URL https://ibrag.net/ doesn't contian Menu related information
2020-12-12 14:30:36 [scrapy.core.engine] DEBUG: Crawled (200) <GET https://papillonrestaurant.com/cart> (referer: https://papillonrestaurant.com)
2020-12-12 14:30:36 [scrapy.core.engine] DEBUG: Crawled (200) <GET https://papillonrestaurant.com/downloadable-menus> (referer: https://papillonrestaurant.com)
2020-12-12 14:30:36 [restaurant_menu_crawler] INFO: This URL https://papillonrestaurant.com/contact doesn't contian Menu related information
2020-12-12 14:30:36 [restaurant_menu_crawler] INFO: Downloaded Page https://papillonrestaurant.com/wine-cellar
2020-12-12 14:30:36 [restaurant_menu_crawler] INFO: Score for URl https://papillonrestaurant.com/wine-cellar is     0.00
2020-12-12 14:30:36 [scrapy.core.scraper] DEBUG: Scraped from <200 https://papillonrestaurant.com/wine-cellar>
None
2020-12-12 14:30:36 [restaurant_menu_crawler] INFO: Downloaded Page https://papillonrestaurant.com/about-papillon
2020-12-12 14:30:36 [restaurant_menu_crawler] INFO: Score for URl https://papillonrestaurant.com/about-papillon is     0.00
2020-12-12 14:30:36 [scrapy.core.scraper] DEBUG: Scraped from <200 https://papillonrestaurant.com/about-papillon>
None
2020-12-12 14:30:36 [restaurant_menu_crawler] INFO: Downloaded Page https://papillonrestaurant.com/beer-cocktails-and-spirits
2020-12-12 14:30:36 [restaurant_menu_crawler] INFO: Score for URl https://papillonrestaurant.com/beer-cocktails-and-spirits is     0.00
2020-12-12 14:30:36 [scrapy.core.scraper] DEBUG: Scraped from <200 https://papillonrestaurant.com/beer-cocktails-and-spirits>
None
2020-12-12 14:30:36 [restaurant_menu_crawler] INFO: Downloaded Page https://papillonrestaurant.com/non-alcoholic-beverages
2020-12-12 14:30:36 [restaurant_menu_crawler] INFO: Score for URl https://papillonrestaurant.com/non-alcoholic-beverages is     1.00
2020-12-12 14:30:36 [scrapy.core.scraper] DEBUG: Scraped from <200 https://papillonrestaurant.com/non-alcoholic-beverages>
None
2020-12-12 14:30:36 [scrapy.core.engine] DEBUG: Crawled (200) <GET https://papillonrestaurant.com/papillon-store/wines-over-100> (referer: https://papillonrestaurant.com/takeout-orders)
2020-12-12 14:30:36 [scrapy.core.engine] DEBUG: Crawled (200) <GET https://papillonrestaurant.com/papillon-store/wines-under-100> (referer: https://papillonrestaurant.com/takeout-orders)
2020-12-12 14:30:36 [scrapy.core.engine] DEBUG: Crawled (200) <GET https://papillonrestaurant.com/papillon-store/wines-under-50> (referer: https://papillonrestaurant.com/takeout-orders)
2020-12-12 14:30:36 [scrapy.core.engine] DEBUG: Crawled (200) <GET https://papillonrestaurant.com/papillon-store/wines-half-and-split> (referer: https://papillonrestaurant.com/takeout-orders)
2020-12-12 14:30:36 [scrapy.core.engine] DEBUG: Crawled (200) <GET https://papillonrestaurant.com/papillon-store/cocktails> (referer: https://papillonrestaurant.com/takeout-orders)
2020-12-12 14:30:36 [scrapy.core.engine] DEBUG: Crawled (200) <GET https://papillonrestaurant.com/papillon-store/take-out-entrees> (referer: https://papillonrestaurant.com/takeout-orders)
2020-12-12 14:30:36 [scrapy.core.engine] DEBUG: Crawled (200) <GET https://papillonrestaurant.com/papillon-store/take-out-desserts> (referer: https://papillonrestaurant.com/takeout-orders)
2020-12-12 14:30:36 [scrapy.core.engine] DEBUG: Crawled (200) <GET https://papillonrestaurant.com/papillon-store/take-out-soups-and-salads> (referer: https://papillonrestaurant.com/takeout-orders)
2020-12-12 14:30:36 [restaurant_menu_crawler] INFO: This URL https://papillonrestaurant.com/wine-cellar doesn't contian Menu related information
2020-12-12 14:30:36 [restaurant_menu_crawler] INFO: This URL https://papillonrestaurant.com/about-papillon doesn't contian Menu related information
2020-12-12 14:30:36 [restaurant_menu_crawler] INFO: This URL https://papillonrestaurant.com/beer-cocktails-and-spirits doesn't contian Menu related information
2020-12-12 14:30:36 [restaurant_menu_crawler] INFO: Downloaded Page https://papillonrestaurant.com/gift-cards
2020-12-12 14:30:36 [restaurant_menu_crawler] INFO: Score for URl https://papillonrestaurant.com/gift-cards is     0.00
2020-12-12 14:30:36 [scrapy.core.scraper] DEBUG: Scraped from <200 https://papillonrestaurant.com/gift-cards>
None
2020-12-12 14:30:36 [restaurant_menu_crawler] INFO: Downloaded Page https://papillonrestaurant.com/private-events
2020-12-12 14:30:36 [restaurant_menu_crawler] INFO: Score for URl https://papillonrestaurant.com/private-events is     0.00
2020-12-12 14:30:36 [scrapy.core.scraper] DEBUG: Scraped from <200 https://papillonrestaurant.com/private-events>
None
2020-12-12 14:30:36 [restaurant_menu_crawler] INFO: Downloaded Page https://papillonrestaurant.com/cart
2020-12-12 14:30:36 [restaurant_menu_crawler] INFO: Score for URl https://papillonrestaurant.com/cart is     0.00
2020-12-12 14:30:36 [scrapy.core.scraper] DEBUG: Scraped from <200 https://papillonrestaurant.com/cart>
None
2020-12-12 14:30:36 [restaurant_menu_crawler] INFO: Downloaded Page https://papillonrestaurant.com/downloadable-menus
2020-12-12 14:30:36 [restaurant_menu_crawler] INFO: Score for URl https://papillonrestaurant.com/downloadable-menus is     0.00
2020-12-12 14:30:36 [scrapy.core.scraper] DEBUG: Scraped from <200 https://papillonrestaurant.com/downloadable-menus>
None
2020-12-12 14:30:36 [scrapy.core.engine] DEBUG: Crawled (200) <GET https://papillonrestaurant.com/papillon-store/take-out-starter-menu> (referer: https://papillonrestaurant.com/takeout-orders)
2020-12-12 14:30:36 [restaurant_menu_crawler] INFO: This URL https://papillonrestaurant.com/gift-cards doesn't contian Menu related information
2020-12-12 14:30:36 [restaurant_menu_crawler] INFO: This URL https://papillonrestaurant.com/private-events doesn't contian Menu related information
2020-12-12 14:30:36 [restaurant_menu_crawler] INFO: This URL https://papillonrestaurant.com/cart doesn't contian Menu related information
2020-12-12 14:30:36 [restaurant_menu_crawler] INFO: This URL https://papillonrestaurant.com/downloadable-menus doesn't contian Menu related information
2020-12-12 14:30:36 [restaurant_menu_crawler] INFO: Downloaded Page https://papillonrestaurant.com/papillon-store/wines-over-100
2020-12-12 14:30:36 [restaurant_menu_crawler] INFO: Score for URl https://papillonrestaurant.com/papillon-store/wines-over-100 is     0.00
2020-12-12 14:30:36 [scrapy.core.scraper] DEBUG: Scraped from <200 https://papillonrestaurant.com/papillon-store/wines-over-100>
None
2020-12-12 14:30:36 [restaurant_menu_crawler] INFO: Downloaded Page https://papillonrestaurant.com/papillon-store/wines-under-100
2020-12-12 14:30:36 [restaurant_menu_crawler] INFO: Score for URl https://papillonrestaurant.com/papillon-store/wines-under-100 is     0.00
2020-12-12 14:30:36 [scrapy.core.scraper] DEBUG: Scraped from <200 https://papillonrestaurant.com/papillon-store/wines-under-100>
None
2020-12-12 14:30:36 [restaurant_menu_crawler] INFO: Downloaded Page https://papillonrestaurant.com/papillon-store/wines-under-50
2020-12-12 14:30:37 [restaurant_menu_crawler] INFO: Score for URl https://papillonrestaurant.com/papillon-store/wines-under-50 is     0.00
2020-12-12 14:30:37 [scrapy.core.scraper] DEBUG: Scraped from <200 https://papillonrestaurant.com/papillon-store/wines-under-50>
None
2020-12-12 14:30:37 [restaurant_menu_crawler] INFO: Downloaded Page https://papillonrestaurant.com/papillon-store/wines-half-and-split
2020-12-12 14:30:37 [restaurant_menu_crawler] INFO: Score for URl https://papillonrestaurant.com/papillon-store/wines-half-and-split is     0.00
2020-12-12 14:30:37 [scrapy.core.scraper] DEBUG: Scraped from <200 https://papillonrestaurant.com/papillon-store/wines-half-and-split>
None
2020-12-12 14:30:37 [restaurant_menu_crawler] INFO: Downloaded Page https://papillonrestaurant.com/papillon-store/cocktails
2020-12-12 14:30:37 [restaurant_menu_crawler] INFO: Score for URl https://papillonrestaurant.com/papillon-store/cocktails is     0.00
2020-12-12 14:30:37 [scrapy.core.scraper] DEBUG: Scraped from <200 https://papillonrestaurant.com/papillon-store/cocktails>
None
2020-12-12 14:30:37 [restaurant_menu_crawler] INFO: Downloaded Page https://papillonrestaurant.com/papillon-store/take-out-entrees
2020-12-12 14:30:37 [restaurant_menu_crawler] INFO: Score for URl https://papillonrestaurant.com/papillon-store/take-out-entrees is     1.00
2020-12-12 14:30:37 [scrapy.core.scraper] DEBUG: Scraped from <200 https://papillonrestaurant.com/papillon-store/take-out-entrees>
None
2020-12-12 14:30:37 [restaurant_menu_crawler] INFO: Downloaded Page https://papillonrestaurant.com/papillon-store/take-out-desserts
2020-12-12 14:30:37 [restaurant_menu_crawler] INFO: Score for URl https://papillonrestaurant.com/papillon-store/take-out-desserts is     0.00
2020-12-12 14:30:37 [scrapy.core.scraper] DEBUG: Scraped from <200 https://papillonrestaurant.com/papillon-store/take-out-desserts>
None
2020-12-12 14:30:37 [restaurant_menu_crawler] INFO: Downloaded Page https://papillonrestaurant.com/papillon-store/take-out-soups-and-salads
2020-12-12 14:30:37 [restaurant_menu_crawler] INFO: Score for URl https://papillonrestaurant.com/papillon-store/take-out-soups-and-salads is     1.00
2020-12-12 14:30:37 [scrapy.core.scraper] DEBUG: Scraped from <200 https://papillonrestaurant.com/papillon-store/take-out-soups-and-salads>
None
2020-12-12 14:30:37 [restaurant_menu_crawler] INFO: This URL https://papillonrestaurant.com/papillon-store/wines-over-100 doesn't contian Menu related information
2020-12-12 14:30:37 [restaurant_menu_crawler] INFO: This URL https://papillonrestaurant.com/papillon-store/wines-under-100 doesn't contian Menu related information
2020-12-12 14:30:37 [restaurant_menu_crawler] INFO: This URL https://papillonrestaurant.com/papillon-store/wines-under-50 doesn't contian Menu related information
2020-12-12 14:30:37 [restaurant_menu_crawler] INFO: This URL https://papillonrestaurant.com/papillon-store/wines-half-and-split doesn't contian Menu related information
2020-12-12 14:30:37 [restaurant_menu_crawler] INFO: This URL https://papillonrestaurant.com/papillon-store/cocktails doesn't contian Menu related information
2020-12-12 14:30:37 [restaurant_menu_crawler] INFO: This URL https://papillonrestaurant.com/papillon-store/take-out-desserts doesn't contian Menu related information
2020-12-12 14:30:37 [restaurant_menu_crawler] INFO: Downloaded Page https://papillonrestaurant.com/papillon-store/take-out-starter-menu
2020-12-12 14:30:37 [restaurant_menu_crawler] INFO: Score for URl https://papillonrestaurant.com/papillon-store/take-out-starter-menu is     0.00
2020-12-12 14:30:37 [scrapy.core.scraper] DEBUG: Scraped from <200 https://papillonrestaurant.com/papillon-store/take-out-starter-menu>
None
2020-12-12 14:30:37 [restaurant_menu_crawler] INFO: This URL https://papillonrestaurant.com/papillon-store/take-out-starter-menu doesn't contian Menu related information
2020-12-12 14:30:37 [scrapy.core.engine] DEBUG: Crawled (200) <GET https://papillonrestaurant.com/papillon-store> (referer: https://papillonrestaurant.com/papillon-store/take-out-soups-and-salads)
2020-12-12 14:30:37 [restaurant_menu_crawler] INFO: Downloaded Page https://papillonrestaurant.com/papillon-store
2020-12-12 14:30:37 [restaurant_menu_crawler] INFO: Score for URl https://papillonrestaurant.com/papillon-store is     0.00
2020-12-12 14:30:37 [scrapy.core.scraper] DEBUG: Scraped from <200 https://papillonrestaurant.com/papillon-store>
None
2020-12-12 14:30:37 [restaurant_menu_crawler] INFO: This URL https://papillonrestaurant.com/papillon-store doesn't contian Menu related information
2020-12-12 14:30:37 [scrapy.core.engine] INFO: Closing spider (finished)
2020-12-12 14:30:37 [scrapy.statscollectors] INFO: Dumping Scrapy stats:
{'downloader/exception_count': 4,
 'downloader/exception_type_count/scrapy.exceptions.IgnoreRequest': 4,
 'downloader/request_bytes': 12550,
 'downloader/request_count': 38,
 'downloader/request_method_count/GET': 38,
 'downloader/response_bytes': 676919,
 'downloader/response_count': 38,
 'downloader/response_status_count/200': 36,
 'downloader/response_status_count/302': 2,
 'dupefilter/filtered': 186,
 'elapsed_time_seconds': 3.675324,
 'finish_reason': 'finished',
 'finish_time': datetime.datetime(2020, 12, 12, 22, 30, 37, 646376),
 'item_scraped_count': 28,
 'log_count/DEBUG': 71,
 'log_count/INFO': 90,
 'memusage/max': 52600832,
 'memusage/startup': 52596736,
 'request_depth_max': 3,
 'response_received_count': 36,
 'robotstxt/forbidden': 4,
 'robotstxt/request_count': 7,
 'robotstxt/response_count': 7,
 'robotstxt/response_status_count/200': 7,
 'scheduler/dequeued': 35,
 'scheduler/dequeued/memory': 35,
 'scheduler/enqueued': 35,
 'scheduler/enqueued/memory': 35,
 'start_time': datetime.datetime(2020, 12, 12, 22, 30, 33, 971052)}
2020-12-12 14:30:37 [scrapy.core.engine] INFO: Spider closed (finished)
